<?xml version="1.0" encoding="UTF-8"?>
<!-- Generated by org.testng.reporters.JUnitXMLReporter -->
<testsuite ignored="2" hostname="TestVagrants-MacBook-Pro.local" failures="0" tests="14" name="AutomationExercise" time="145.589" errors="0" timestamp="2024-11-08T17:45:23 IST">
  <testcase classname="com.truecodes.APIDocTest" name="testApiLists" time="27.822"/>
  <testcase classname="com.truecodes.APIDocTest" name="validateApi1" time="4.136"/>
  <testcase classname="com.truecodes.APIDocTest" name="validateApi2" time="0.328"/>
  <testcase classname="com.truecodes.APIDocTest" name="validateApi4" time="0.388"/>
  <testcase classname="com.truecodes.APIDocTest" name="validateApi9" time="1.127"/>
  <testcase classname="com.truecodes.APIDocTest" name="validateApi14" time="0.499"/>
  <testcase classname="com.truecodes.HomePageElementTest" name="footerSubsSection" time="0.545"/>
  <testcase classname="com.truecodes.HomePageElementTest" name="verifyBrandsSection" time="0.135"/>
  <testcase classname="com.truecodes.HomePageElementTest" name="verifyCarouselSlides" time="0.046"/>
  <testcase classname="com.truecodes.HomePageElementTest" name="verifyFeaturedSection" time="0.419"/>
  <testcase classname="com.truecodes.HomePageElementTest" name="verifyMenuOptions" time="0.066"/>
  <testcase classname="com.truecodes.ShoppingCartFlowTest" name="navigateMenTShirtTest" time="23.021"/>
  <testcase classname="com.truecodes.ShoppingCartFlowTest" name="neonGreenTshirtVisibiltiyTest" time="0.435"/>
  <testcase classname="com.truecodes.ShoppingCartFlowTest" name="verifyModal" time="24.857"/>
  <testcase classname="com.truecodes.BaseSetup" name="@AfterSuite tearDown" time="0.0">
    <ignored/>
  </testcase> <!-- @AfterSuite tearDown -->
  <testcase classname="com.truecodes.BaseSetup" name="@AfterSuite tearDown" time="0.0">
    <ignored/>
  </testcase> <!-- @AfterSuite tearDown -->
</testsuite> <!-- AutomationExercise -->
