<?xml version="1.0" encoding="UTF-8"?>
<testng-results ignored="0" total="14" passed="14" failed="0" skipped="0">
  <reporter-output>
  </reporter-output>
  <suite started-at="2024-11-08T17:42:58 IST" name="WebAutomationLearning" finished-at="2024-11-08T17:45:23 IST" duration-ms="145589">
    <groups>
    </groups>
    <test started-at="2024-11-08T17:42:58 IST" name="AutomationExercise" finished-at="2024-11-08T17:45:23 IST" duration-ms="145589">
      <class name="com.truecodes.APIDocTest">
        <test-method is-config="true" signature="setUp()[pri:0, instance:com.truecodes.APIDocTest@31c269fd]" started-at="2024-11-08T17:42:58 IST" name="setUp" finished-at="2024-11-08T17:43:19 IST" duration-ms="20946" status="PASS">
          <reporter-output>
          </reporter-output>
        </test-method> <!-- setUp -->
        <test-method signature="testApiLists()[pri:1, instance:com.truecodes.APIDocTest@31c269fd]" started-at="2024-11-08T17:43:19 IST" name="testApiLists" finished-at="2024-11-08T17:43:46 IST" duration-ms="27822" status="PASS">
          <reporter-output>
          </reporter-output>
        </test-method> <!-- testApiLists -->
        <test-method signature="validateApi1()[pri:2, instance:com.truecodes.APIDocTest@31c269fd]" started-at="2024-11-08T17:43:46 IST" name="validateApi1" finished-at="2024-11-08T17:43:50 IST" duration-ms="4136" status="PASS">
          <reporter-output>
          </reporter-output>
        </test-method> <!-- validateApi1 -->
        <test-method signature="validateApi2()[pri:3, instance:com.truecodes.APIDocTest@31c269fd]" started-at="2024-11-08T17:43:50 IST" name="validateApi2" finished-at="2024-11-08T17:43:51 IST" duration-ms="328" status="PASS">
          <reporter-output>
          </reporter-output>
        </test-method> <!-- validateApi2 -->
        <test-method signature="validateApi4()[pri:4, instance:com.truecodes.APIDocTest@31c269fd]" started-at="2024-11-08T17:43:51 IST" name="validateApi4" finished-at="2024-11-08T17:43:51 IST" duration-ms="388" status="PASS">
          <reporter-output>
          </reporter-output>
        </test-method> <!-- validateApi4 -->
        <test-method signature="validateApi9()[pri:5, instance:com.truecodes.APIDocTest@31c269fd]" started-at="2024-11-08T17:43:51 IST" name="validateApi9" finished-at="2024-11-08T17:43:52 IST" duration-ms="1127" status="PASS">
          <reporter-output>
          </reporter-output>
        </test-method> <!-- validateApi9 -->
        <test-method signature="validateApi14()[pri:6, instance:com.truecodes.APIDocTest@31c269fd]" started-at="2024-11-08T17:43:52 IST" name="validateApi14" finished-at="2024-11-08T17:43:53 IST" duration-ms="499" status="PASS">
          <reporter-output>
          </reporter-output>
        </test-method> <!-- validateApi14 -->
        <test-method is-config="true" signature="tearDown()[pri:0, instance:com.truecodes.APIDocTest@31c269fd]" started-at="2024-11-08T17:45:23 IST" name="tearDown" finished-at="2024-11-08T17:45:24 IST" duration-ms="350" status="PASS">
          <reporter-output>
          </reporter-output>
        </test-method> <!-- tearDown -->
      </class> <!-- com.truecodes.APIDocTest -->
      <class name="com.truecodes.ShoppingCartFlowTest">
        <test-method is-config="true" signature="setUp()[pri:0, instance:com.truecodes.ShoppingCartFlowTest@52eacb4b]" started-at="2024-11-08T17:44:14 IST" name="setUp" finished-at="2024-11-08T17:44:35 IST" duration-ms="20834" status="PASS">
          <reporter-output>
          </reporter-output>
        </test-method> <!-- setUp -->
        <test-method signature="navigateMenTShirtTest()[pri:1, instance:com.truecodes.ShoppingCartFlowTest@52eacb4b]" started-at="2024-11-08T17:44:35 IST" name="navigateMenTShirtTest" finished-at="2024-11-08T17:44:58 IST" duration-ms="23021" status="PASS">
          <reporter-output>
          </reporter-output>
        </test-method> <!-- navigateMenTShirtTest -->
        <test-method signature="neonGreenTshirtVisibiltiyTest()[pri:2, instance:com.truecodes.ShoppingCartFlowTest@52eacb4b]" started-at="2024-11-08T17:44:58 IST" name="neonGreenTshirtVisibiltiyTest" finished-at="2024-11-08T17:44:58 IST" duration-ms="435" status="PASS">
          <reporter-output>
          </reporter-output>
        </test-method> <!-- neonGreenTshirtVisibiltiyTest -->
        <test-method signature="verifyModal()[pri:3, instance:com.truecodes.ShoppingCartFlowTest@52eacb4b]" started-at="2024-11-08T17:44:58 IST" name="verifyModal" finished-at="2024-11-08T17:45:23 IST" duration-ms="24857" status="PASS">
          <reporter-output>
          </reporter-output>
        </test-method> <!-- verifyModal -->
      </class> <!-- com.truecodes.ShoppingCartFlowTest -->
      <class name="com.truecodes.HomePageElementTest">
        <test-method is-config="true" signature="setUp()[pri:0, instance:com.truecodes.HomePageElementTest@7db0565c]" started-at="2024-11-08T17:43:53 IST" name="setUp" finished-at="2024-11-08T17:44:13 IST" duration-ms="19940" status="PASS">
          <reporter-output>
          </reporter-output>
        </test-method> <!-- setUp -->
        <test-method signature="footerSubsSection()[pri:0, instance:com.truecodes.HomePageElementTest@7db0565c]" started-at="2024-11-08T17:44:13 IST" name="footerSubsSection" finished-at="2024-11-08T17:44:13 IST" duration-ms="545" status="PASS">
          <reporter-output>
          </reporter-output>
        </test-method> <!-- footerSubsSection -->
        <test-method signature="verifyBrandsSection()[pri:0, instance:com.truecodes.HomePageElementTest@7db0565c]" started-at="2024-11-08T17:44:13 IST" name="verifyBrandsSection" finished-at="2024-11-08T17:44:13 IST" duration-ms="135" status="PASS">
          <reporter-output>
          </reporter-output>
        </test-method> <!-- verifyBrandsSection -->
        <test-method signature="verifyCarouselSlides()[pri:0, instance:com.truecodes.HomePageElementTest@7db0565c]" started-at="2024-11-08T17:44:13 IST" name="verifyCarouselSlides" finished-at="2024-11-08T17:44:14 IST" duration-ms="46" status="PASS">
          <reporter-output>
          </reporter-output>
        </test-method> <!-- verifyCarouselSlides -->
        <test-method signature="verifyFeaturedSection()[pri:0, instance:com.truecodes.HomePageElementTest@7db0565c]" started-at="2024-11-08T17:44:14 IST" name="verifyFeaturedSection" finished-at="2024-11-08T17:44:14 IST" duration-ms="419" status="PASS">
          <reporter-output>
          </reporter-output>
        </test-method> <!-- verifyFeaturedSection -->
        <test-method signature="verifyMenuOptions()[pri:0, instance:com.truecodes.HomePageElementTest@7db0565c]" started-at="2024-11-08T17:44:14 IST" name="verifyMenuOptions" finished-at="2024-11-08T17:44:14 IST" duration-ms="66" status="PASS">
          <reporter-output>
          </reporter-output>
        </test-method> <!-- verifyMenuOptions -->
      </class> <!-- com.truecodes.HomePageElementTest -->
    </test> <!-- AutomationExercise -->
  </suite> <!-- WebAutomationLearning -->
</testng-results>
