<?xml version="1.0" encoding="UTF-8"?>
<testsuite xmlns:xsi="http://www.w3.org/2001/XMLSchema-instance" xsi:noNamespaceSchemaLocation="https://maven.apache.org/surefire/maven-surefire-plugin/xsd/surefire-test-report-3.0.xsd" version="3.0" name="TestSuite" time="148.588" tests="14" errors="0" skipped="0" failures="0">
  <properties>
[...]
</properties>
  <testcase name="testApiLists" classname="com.truecodes.APIDocTest" time="27.824">
    <system-out><![CDATA[API URL: https://automationexercise.com/api/productsList
Request Method: GET
Response Code: 200
Response JSON: All products list
Assertions passed: Request Method is GET and Response Code is 200.
API URL: https://automationexercise.com/api/productsList
Request Method: POST
Response Code: 405
Response JSON: This request method is not supported.
Assertions passed: Request Method is POST and Response Code is 405.
API URL: https://automationexercise.com/api/brandsList
Request Method: PUT
Response Code: 405
Response Message: This request method is not supported.
Assertions passed: Request Method is GET and Response Code is 200.
API URL: https://automationexercise.com/api/verifyLogin
Request Method: DELETE
Response Code: 405
Response Message: This request method is not supported.
Assertions passed: Request Method is DELETE and Response Code is 405.
API URL: https://automationexercise.com/api/getUserDetailByEmail
Request Method: GET
Request Parameters: email
Response Code: 200
Response JSON: User Detail
Assertions passed: Request Method is PUT and Response Code is 200.
]]></system-out>
    <system-err><![CDATA[SLF4J: Failed to load class "org.slf4j.impl.StaticLoggerBinder".
SLF4J: Defaulting to no-operation (NOP) logger implementation
SLF4J: See http://www.slf4j.org/codes.html#StaticLoggerBinder for further details.
Nov 08, 2024 5:42:57 PM org.openqa.selenium.devtools.CdpVersionFinder findNearestMatch
WARNING: Unable to find an exact match for CDP version 130, returning the closest version; found: 129; Please update to a Selenium version that supports CDP version 130
]]></system-err>
  </testcase>
  <testcase name="validateApi1" classname="com.truecodes.APIDocTest" time="4.134">
    <system-out><![CDATA[Response: {"responseCode": 200, "products": [{"id": 1, "name": "Blue Top", "price": "Rs. 500", "brand": "Polo", "category": {"usertype": {"usertype": "Women"}, "category": "Tops"}}, {"id": 2, "name": "Men Tshirt", "price": "Rs. 400", "brand": "H&M", "category": {"usertype": {"usertype": "Men"}, "category": "Tshirts"}}, {"id": 3, "name": "Sleeveless Dress", "price": "Rs. 1000", "brand": "Madame", "category": {"usertype": {"usertype": "Women"}, "category": "Dress"}}, {"id": 4, "name": "Stylish Dress", "price": "Rs. 1500", "brand": "Madame", "category": {"usertype": {"usertype": "Women"}, "category": "Dress"}}, {"id": 5, "name": "Winter Top", "price": "Rs. 600", "brand": "Mast & Harbour", "category": {"usertype": {"usertype": "Women"}, "category": "Tops"}}, {"id": 6, "name": "Summer White Top", "price": "Rs. 400", "brand": "H&M", "category": {"usertype": {"usertype": "Women"}, "category": "Tops"}}, {"id": 7, "name": "Madame Top For Women", "price": "Rs. 1000", "brand": "Madame", "category": {"usertype": {"usertype": "Women"}, "category": "Tops"}}, {"id": 8, "name": "Fancy Green Top", "price": "Rs. 700", "brand": "Polo", "category": {"usertype": {"usertype": "Women"}, "category": "Tops"}}, {"id": 11, "name": "Sleeves Printed Top - White", "price": "Rs. 499", "brand": "Babyhug", "category": {"usertype": {"usertype": "Kids"}, "category": "Tops & Shirts"}}, {"id": 12, "name": "Half Sleeves Top Schiffli Detailing - Pink", "price": "Rs. 359", "brand": "Babyhug", "category": {"usertype": {"usertype": "Kids"}, "category": "Tops & Shirts"}}, {"id": 13, "name": "Frozen Tops For Kids", "price": "Rs. 278", "brand": "Allen Solly Junior", "category": {"usertype": {"usertype": "Kids"}, "category": "Tops & Shirts"}}, {"id": 14, "name": "Full Sleeves Top Cherry - Pink", "price": "Rs. 679", "brand": "Kookie Kids", "category": {"usertype": {"usertype": "Kids"}, "category": "Tops & Shirts"}}, {"id": 15, "name": "Printed Off Shoulder Top - White", "price": "Rs. 315", "brand": "Babyhug", "category": {"usertype": {"usertype": "Kids"}, "category": "Tops & Shirts"}}, {"id": 16, "name": "Sleeves Top and Short - Blue & Pink", "price": "Rs. 478", "brand": "Babyhug", "category": {"usertype": {"usertype": "Kids"}, "category": "Dress"}}, {"id": 18, "name": "Little Girls Mr. Panda Shirt", "price": "Rs. 1200", "brand": "Kookie Kids", "category": {"usertype": {"usertype": "Kids"}, "category": "Tops & Shirts"}}, {"id": 19, "name": "Sleeveless Unicorn Patch Gown - Pink", "price": "Rs. 1050", "brand": "Allen Solly Junior", "category": {"usertype": {"usertype": "Kids"}, "category": "Dress"}}, {"id": 20, "name": "Cotton Mull Embroidered Dress", "price": "Rs. 1190", "brand": "Kookie Kids", "category": {"usertype": {"usertype": "Kids"}, "category": "Dress"}}, {"id": 21, "name": "Blue Cotton Indie Mickey Dress", "price": "Rs. 1530", "brand": "Biba", "category": {"usertype": {"usertype": "Kids"}, "category": "Dress"}}, {"id": 22, "name": "Long Maxi Tulle Fancy Dress Up Outfits -Pink", "price": "Rs. 1600", "brand": "Biba", "category": {"usertype": {"usertype": "Kids"}, "category": "Dress"}}, {"id": 23, "name": "Sleeveless Unicorn Print Fit & Flare Net Dress - Multi", "price": "Rs. 1100", "brand": "Biba", "category": {"usertype": {"usertype": "Kids"}, "category": "Dress"}}, {"id": 24, "name": "Colour Blocked Shirt \u2013 Sky Blue", "price": "Rs. 849", "brand": "Allen Solly Junior", "category": {"usertype": {"usertype": "Kids"}, "category": "Tops & Shirts"}}, {"id": 28, "name": "Pure Cotton V-Neck T-Shirt", "price": "Rs. 1299", "brand": "H&M", "category": {"usertype": {"usertype": "Men"}, "category": "Tshirts"}}, {"id": 29, "name": "Green Side Placket Detail T-Shirt", "price": "Rs. 1000", "brand": "Polo", "category": {"usertype": {"usertype": "Men"}, "category": "Tshirts"}}, {"id": 30, "name": "Premium Polo T-Shirts", "price": "Rs. 1500", "brand": "Polo", "category": {"usertype": {"usertype": "Men"}, "category": "Tshirts"}}, {"id": 31, "name": "Pure Cotton Neon Green Tshirt", "price": "Rs. 850", "brand": "H&M", "category": {"usertype": {"usertype": "Men"}, "category": "Tshirts"}}, {"id": 33, "name": "Soft Stretch Jeans", "price": "Rs. 799", "brand": "Polo", "category": {"usertype": {"usertype": "Men"}, "category": "Jeans"}}, {"id": 35, "name": "Regular Fit Straight Jeans", "price": "Rs. 1200", "brand": "H&M", "category": {"usertype": {"usertype": "Men"}, "category": "Jeans"}}, {"id": 37, "name": "Grunt Blue Slim Fit Jeans", "price": "Rs. 1400", "brand": "Polo", "category": {"usertype": {"usertype": "Men"}, "category": "Jeans"}}, {"id": 38, "name": "Rose Pink Embroidered Maxi Dress", "price": "Rs. 2300", "brand": "Madame", "category": {"usertype": {"usertype": "Women"}, "category": "Dress"}}, {"id": 39, "name": "Cotton Silk Hand Block Print Saree", "price": "Rs. 3000", "brand": "Biba", "category": {"usertype": {"usertype": "Women"}, "category": "Saree"}}, {"id": 40, "name": "Rust Red Linen Saree", "price": "Rs. 3500", "brand": "Biba", "category": {"usertype": {"usertype": "Women"}, "category": "Saree"}}, {"id": 41, "name": "Beautiful Peacock Blue Cotton Linen Saree", "price": "Rs. 5000", "brand": "Madame", "category": {"usertype": {"usertype": "Women"}, "category": "Saree"}}, {"id": 42, "name": "Lace Top For Women", "price": "Rs. 1400", "brand": "Mast & Harbour", "category": {"usertype": {"usertype": "Women"}, "category": "Tops"}}, {"id": 43, "name": "GRAPHIC DESIGN MEN T SHIRT - BLUE", "price": "Rs. 1389", "brand": "Mast & Harbour", "category": {"usertype": {"usertype": "Men"}, "category": "Tshirts"}}]}
Total number of products: 34
Response matches the expected schema.
]]></system-out>
  </testcase>
  <testcase name="validateApi2" classname="com.truecodes.APIDocTest" time="0.328">
    <system-out><![CDATA[Response Body: {"responseCode": 405, "message": "This request method is not supported."}
]]></system-out>
  </testcase>
  <testcase name="validateApi4" classname="com.truecodes.APIDocTest" time="0.388">
    <system-out><![CDATA[Response Body: {"responseCode": 405, "message": "This request method is not supported."}
]]></system-out>
  </testcase>
  <testcase name="validateApi9" classname="com.truecodes.APIDocTest" time="1.128">
    <system-out><![CDATA[Response Body: {"responseCode": 405, "message": "This request method is not supported."}
]]></system-out>
  </testcase>
  <testcase name="validateApi14" classname="com.truecodes.APIDocTest" time="0.499">
    <system-out><![CDATA[Response Body: {"responseCode": 200, "user": {"id": 12771, "name": "Test", "email": "example@example.com", "title": "Mrs", "birth_day": "12", "birth_month": "4", "birth_year": "2002", "first_name": "Test", "last_name": "Test", "company": "", "address1": "First line of address", "address2": "", "country": "United States", "state": "Alabama", "city": "Alabama", "zipcode": "ABA-JASW"}}
]]></system-out>
  </testcase>
  <testcase name="footerSubsSection" classname="com.truecodes.HomePageElementTest" time="0.545"/>
  <testcase name="verifyBrandsSection" classname="com.truecodes.HomePageElementTest" time="0.136"/>
  <testcase name="verifyCarouselSlides" classname="com.truecodes.HomePageElementTest" time="0.046"/>
  <testcase name="verifyFeaturedSection" classname="com.truecodes.HomePageElementTest" time="0.419"/>
  <testcase name="verifyMenuOptions" classname="com.truecodes.HomePageElementTest" time="0.065"/>
  <testcase name="navigateMenTShirtTest" classname="com.truecodes.ShoppingCartFlowTest" time="23.022">
    <system-out><![CDATA[Men  Tshirt
Pure Cotton V-Neck T-Shirt
Green Side Placket Detail T-Shirt
Premium Polo T-Shirts
Pure Cotton Neon Green Tshirt
GRAPHIC DESIGN MEN T SHIRT - BLUE
]]></system-out>
  </testcase>
  <testcase name="neonGreenTshirtVisibiltiyTest" classname="com.truecodes.ShoppingCartFlowTest" time="0.436"/>
  <testcase name="verifyModal" classname="com.truecodes.ShoppingCartFlowTest" time="24.858"/>
</testsuite>